[ Jul 03 2015 17:07:42 ] [var/ezdemo_site/cache/template/compiled/page_mainarea-1d024665d5d83026b8c325b32fa63f6e.php]
[ Jul 03 2015 17:07:42 ] [var/ezdemo_site/cache/template/compiled/page_login_copyright-7dabba9224c30af9e28ca90db818ad55.php]
[ Jul 03 2015 17:15:21 ] [var/ezdemo_site/cache/template/compiled/browse_placement-4310823ce74260f3e52f76b677bd8ae2.php]
[ Jul 03 2015 17:34:46 ] [/data/home/ta.adigo/projets/NOVACTIVE/sandbox-ez5/wwwroot/ezpublish_legacy/lib/ezutils/classes/../../../var/cache/ini/error-0aa0ab5637a0b5bd267eb7616be743fc.php]
[ Jul 03 2015 17:34:46 ] [var/ezdemo_site/cache/template/compiled/20-5bbc5f34b5651c098c80521a89bf3f2b.php]
[ Jul 03 2015 17:34:46 ] [/data/home/ta.adigo/projets/NOVACTIVE/sandbox-ez5/wwwroot/ezpublish_legacy/lib/ezutils/classes/../../../var/cache/ini/ezjscore-0033a58422e4e44ebe1c17f3887e2539.php]
[ Jul 03 2015 17:41:10 ] [var/ezdemo_site/cache/template/compiled/view-3cdc096a2cf4001bb9532e0967b57a72.php]
[ Jul 03 2015 17:50:07 ] [/data/home/ta.adigo/projets/NOVACTIVE/sandbox-ez5/wwwroot/ezpublish_legacy/lib/ezutils/classes/../../../var/cache/ini/menu-7229e2a17a85116042d09478bed11908.php]
[ Jul 03 2015 17:50:07 ] [var/ezdemo_site/cache/template/compiled/menuconfig-e1d1e79e16c65c36244b2fe63cf2bfb2.php]
[ Jul 03 2015 17:50:36 ] [/data/home/ta.adigo/projets/NOVACTIVE/sandbox-ez5/wwwroot/ezpublish_legacy/lib/ezutils/classes/../../../var/cache/ini/site-1ddc42e7fe005d9b732bc4c7861e3517.php]
[ Jul 03 2015 17:50:36 ] [/data/home/ta.adigo/projets/NOVACTIVE/sandbox-ez5/wwwroot/ezpublish_legacy/lib/ezutils/classes/../../../var/cache/ini/toolbar-b892737738e90244fcf75ba7a0893e79.php]
[ Jul 03 2015 17:50:36 ] [var/ezdemo_site/cache/template/compiled/pagelayout-c62ed3b33d92081e89af2b554d735437.php]
[ Jul 03 2015 17:51:11 ] [var/ezdemo_site/cache/template/compiled/overview-70e2e31398fd1dabf4aff5756a3370e1.php]
[ Jul 03 2015 17:51:16 ] [var/ezdemo_site/cache/template/compiled/extensions-c7009010a117bd390b4837361fa7a96e.php]
[ Jul 03 2015 17:51:24 ] [var/ezdemo_site/cache/template/compiled/translations-b7bb8335ff45c17867e95d9af774c146.php]
[ Jul 03 2015 17:51:31 ] [/data/home/ta.adigo/projets/NOVACTIVE/sandbox-ez5/wwwroot/ezpublish_legacy/lib/ezutils/classes/../../../var/cache/ini/menu-7229e2a17a85116042d09478bed11908.php]
[ Jul 03 2015 17:51:36 ] [var/ezdemo_site/cache/template/compiled/list-18a094f812d5f3bc283963d3f2fdd0ba.php]
[ Jul 03 2015 17:51:36 ] [/data/home/ta.adigo/projets/NOVACTIVE/sandbox-ez5/wwwroot/ezpublish_legacy/lib/ezutils/classes/../../../var/cache/ini/package-65a6914ec04dc6741cdde09227882cb9.php]
[ Jul 03 2015 17:51:39 ] [var/ezdemo_site/cache/template/compiled/rad-2bd0a27a308b5baf85fbc1ffdd9467db.php]
[ Jul 03 2015 17:51:57 ] [var/ezdemo_site/cache/template/compiled/templateoperator-8228b276470c0fe1c204118409379624.php]
[ Jul 03 2015 17:52:16 ] [var/ezdemo_site/cache/template/compiled/templateoperator_basic-9c283f30acefc2b2a2089a43cb7815d3.php]
[ Jul 03 2015 17:52:48 ] [var/ezdemo_site/cache/template/compiled/templateoperator_describe-0c3448d8dd64ea2d803cf760b73f6042.php]
[ Jul 03 2015 17:53:11 ] [var/ezdemo_site/cache/template/compiled/list-8eb92f31eb75f5bcaa3686cb5e6a7585.php]
[ Jul 03 2015 17:53:15 ] [var/ezdemo_site/cache/template/compiled/stats-aa7a3b87027d28ad3f37d68652fee054.php]
[ Jul 03 2015 17:53:25 ] [var/ezdemo_site/cache/template/compiled/view-5eba206a316a5c7571a8c6a34e56638e.php]
[ Jul 03 2015 17:53:33 ] [var/ezdemo_site/cache/template/compiled/menu-8b2add635376c95d72354efa9c69443e.php]
[ Jul 03 2015 17:55:05 ] [var/ezdemo_site/cache/template/compiled/ezinisetting-c8692ba03299e1fc469511d1704a8472.php]
[ Jul 03 2015 17:55:05 ] [var/ezdemo_site/cache/template/compiled/ezpackage-32d8667b98f98283193e3e15a2fe8065.php]
[ Jul 03 2015 17:55:05 ] [var/ezdemo_site/cache/template/compiled/ezurl-1b24b54ee833f23c71bbe3cd8f6e4bc8.php]
[ Jul 03 2015 17:55:05 ] [var/ezdemo_site/cache/template/compiled/ezboolean-15d436b1a8a08e21aab7ed76e283911b.php]
[ Jul 03 2015 17:55:08 ] [/data/home/ta.adigo/projets/NOVACTIVE/sandbox-ez5/wwwroot/ezpublish_legacy/lib/ezutils/classes/../../../var/cache/ini/toolbar-c31f4d0888e810253e7e57849b736697.php]
[ Jul 03 2015 17:55:08 ] [var/ezdemo_site/cache/template/compiled/toolbarlist-120ed63ebc7e3ae77abfb81d7e4fcf0d.php]
[ Jul 06 2015 09:46:59 ] [var/ezdemo_site/cache/template/compiled/loginpagelayout-e774f02941dd868605cf13caa01d5ca5.php]
[ Jul 06 2015 09:59:03 ] [/data/home/ta.adigo/projets/NOVACTIVE/sandbox-ez5/wwwroot/ezpublish_legacy/lib/ezutils/classes/../../../var/cache/ini/texttoimage-679ec8a6b4093058b7b4b263a514b8e2.php]
[ Jul 06 2015 09:59:03 ] [/data/home/ta.adigo/projets/NOVACTIVE/sandbox-ez5/wwwroot/ezpublish_legacy/lib/ezutils/classes/../../../var/cache/ini/file-2d967c96d09f623f5cec7df442610280.php]
